TN:
SF:src\controllers\flightController.js
FN:5,handleError
FN:10,searchFlights
FN:19,priceFlight
FN:28,bookFlight
FNF:4
FNH:4
FNDA:3,handleError
FNDA:2,searchFlights
FNDA:2,priceFlight
FNDA:2,bookFlight
DA:3,1
DA:6,3
DA:7,3
DA:11,2
DA:12,2
DA:13,1
DA:15,1
DA:20,2
DA:21,2
DA:22,1
DA:24,1
DA:29,2
DA:30,2
DA:31,1
DA:33,1
DA:37,1
LF:16
LH:16
BRDA:6,0,0,3
BRDA:6,0,1,0
BRDA:6,1,0,3
BRDA:6,1,1,3
BRDA:12,2,0,2
BRDA:12,2,1,0
BRDA:21,3,0,2
BRDA:21,3,1,0
BRDA:30,4,0,2
BRDA:30,4,1,0
BRF:10
BRH:6
end_of_record
TN:
SF:src\services\amadeusService.js
FN:12,getAccessToken
FN:38,searchFlights
FN:53,priceFlight
FN:75,bookFlight
FNF:4
FNH:2
FNDA:2,getAccessToken
FNDA:0,searchFlights
FNDA:0,priceFlight
FNDA:3,bookFlight
DA:3,2
DA:4,2
DA:5,2
DA:8,2
DA:9,2
DA:10,2
DA:13,2
DA:14,0
DA:17,2
DA:18,2
DA:19,2
DA:20,2
DA:22,2
DA:31,2
DA:32,0
DA:35,2
DA:39,0
DA:41,0
DA:50,0
DA:54,0
DA:55,0
DA:58,0
DA:60,0
DA:72,0
DA:76,3
DA:77,3
DA:78,1
DA:79,1
DA:80,1
DA:81,1
DA:84,2
DA:86,2
DA:87,2
DA:99,1
DA:101,1
DA:102,1
DA:103,1
DA:104,1
DA:105,1
DA:109,2
LF:40
LH:30
BRDA:8,0,0,2
BRDA:8,0,1,1
BRDA:13,1,0,0
BRDA:13,1,1,2
BRDA:13,2,0,2
BRDA:13,2,1,2
BRDA:31,3,0,0
BRDA:31,3,1,2
BRDA:31,4,0,2
BRDA:31,4,1,2
BRDA:54,5,0,0
BRDA:54,5,1,0
BRDA:54,6,0,0
BRDA:54,6,1,0
BRDA:54,6,2,0
BRDA:77,7,0,1
BRDA:77,7,1,2
BRF:17
BRH:10
end_of_record
